c:\users\metal\desktop\resume projects\mypong v2\mypong v2\debug\vc141.pdb
c:\users\metal\desktop\resume projects\mypong v2\mypong v2\debug\vc141.idb
c:\users\metal\desktop\resume projects\mypong v2\mypong v2\debug\vector2.obj
c:\users\metal\desktop\resume projects\mypong v2\mypong v2\debug\side.obj
c:\users\metal\desktop\resume projects\mypong v2\mypong v2\debug\paddle.obj
c:\users\metal\desktop\resume projects\mypong v2\mypong v2\debug\mouse.obj
c:\users\metal\desktop\resume projects\mypong v2\mypong v2\debug\main.obj
c:\users\metal\desktop\resume projects\mypong v2\mypong v2\debug\keyboard.obj
c:\users\metal\desktop\resume projects\mypong v2\mypong v2\debug\field.obj
c:\users\metal\desktop\resume projects\mypong v2\mypong v2\debug\engine.obj
c:\users\metal\desktop\resume projects\mypong v2\mypong v2\debug\ball.obj
c:\users\metal\desktop\resume projects\mypong v2\debug\mypong v2.exe
c:\users\metal\desktop\resume projects\mypong v2\debug\mypong v2.ilk
c:\users\metal\desktop\resume projects\mypong v2\debug\mypong v2.pdb
c:\users\metal\desktop\resume projects\mypong v2\mypong v2\debug\mypong v2.tlog\cl.command.1.tlog
c:\users\metal\desktop\resume projects\mypong v2\mypong v2\debug\mypong v2.tlog\cl.read.1.tlog
c:\users\metal\desktop\resume projects\mypong v2\mypong v2\debug\mypong v2.tlog\cl.write.1.tlog
c:\users\metal\desktop\resume projects\mypong v2\mypong v2\debug\mypong v2.tlog\link.command.1.tlog
c:\users\metal\desktop\resume projects\mypong v2\mypong v2\debug\mypong v2.tlog\link.read.1.tlog
c:\users\metal\desktop\resume projects\mypong v2\mypong v2\debug\mypong v2.tlog\link.write.1.tlog
