  Ball.cpp
c:\program files (x86)\windows kits\10\include\10.0.17763.0\shared\minwindef.h(130): warning C4005: 'APIENTRY': macro redefinition
  c:\users\metal\documents\github\pong\mypong v2\packages\nupengl.core.0.1.0.1\build\native\include\glfw\glfw3.h(92): note: see previous definition of 'APIENTRY'
c:\users\metal\documents\github\pong\mypong v2\mypong v2\ball.cpp(171): warning C4244: 'initializing': conversion from 'int' to 'GLfloat', possible loss of data
c:\users\metal\documents\github\pong\mypong v2\mypong v2\ball.cpp(172): warning C4244: 'initializing': conversion from 'int' to 'GLfloat', possible loss of data
c:\users\metal\documents\github\pong\mypong v2\mypong v2\ball.cpp(173): warning C4305: 'initializing': truncation from 'double' to 'GLfloat'
  Engine.cpp
  Field.cpp
  Keyboard.cpp
  Main.cpp
c:\program files (x86)\windows kits\10\include\10.0.17763.0\shared\minwindef.h(130): warning C4005: 'APIENTRY': macro redefinition
  c:\users\metal\documents\github\pong\mypong v2\packages\nupengl.core.0.1.0.1\build\native\include\glfw\glfw3.h(92): note: see previous definition of 'APIENTRY'
  Mouse.cpp
  Paddle.cpp
  Side.cpp
  Vector2.cpp
c:\users\metal\documents\github\pong\mypong v2\mypong v2\vector2.cpp(120): warning C4244: '=': conversion from 'float' to 'int', possible loss of data
c:\users\metal\documents\github\pong\mypong v2\mypong v2\vector2.cpp(121): warning C4244: '=': conversion from 'float' to 'int', possible loss of data
  Generating code
  All 382 functions were compiled because no usable IPDB/IOBJ from previous compilation was found.
  Finished generating code
  myPong v2.vcxproj -> C:\Users\metal\Documents\GitHub\Pong\myPong v2\Release\myPong v2.exe
